<?xml version="1.0" encoding="UTF-8"?>
<!-- Generated by org.testng.reporters.JUnitReportReporter -->
<testsuite skipped="0" hostname="LAPTOP-9G8NA26O" name="classes.validateJson" tests="2" failures="0" timestamp="2022-07-18T19:20:16 IST" time="0.903" errors="0">
  <testcase name="validateJson_1" time="0.777" classname="classes.validateJson"/>
  <system-out/>
  <testcase name="wicket_keeper" time="0.126" classname="classes.validateJson"/>
  <system-out/>
</testsuite> <!-- classes.validateJson -->
